<?xml version="1.0" encoding="UTF-8" ?>
<testsuite failures="0" time="0.005" errors="0" skipped="0" tests="1" name="cn.zlg.performence.ProxyBuilderTest">
  <properties>
    <property name="java.runtime.name" value="Java(TM) SE Runtime Environment"/>
    <property name="sun.boot.library.path" value="/home/m618/Program/linux_i386/java/jdk1.7.0_03/jre/lib/i386"/>
    <property name="java.vm.version" value="22.1-b02"/>
    <property name="java.vm.vendor" value="Oracle Corporation"/>
    <property name="java.vendor.url" value="http://java.oracle.com/"/>
    <property name="path.separator" value=":"/>
    <property name="java.vm.name" value="Java HotSpot(TM) Server VM"/>
    <property name="file.encoding.pkg" value="sun.io"/>
    <property name="user.country" value="CN"/>
    <property name="sun.java.launcher" value="SUN_STANDARD"/>
    <property name="sun.os.patch.level" value="unknown"/>
    <property name="java.vm.specification.name" value="Java Virtual Machine Specification"/>
    <property name="user.dir" value="/home/m618/workspace/git/Utils/Utils"/>
    <property name="java.runtime.version" value="1.7.0_03-b04"/>
    <property name="java.awt.graphicsenv" value="sun.awt.X11GraphicsEnvironment"/>
    <property name="java.endorsed.dirs" value="/home/m618/Program/linux_i386/java/jdk1.7.0_03/jre/lib/endorsed"/>
    <property name="os.arch" value="i386"/>
    <property name="java.io.tmpdir" value="/tmp"/>
    <property name="line.separator" value="
"/>
    <property name="java.vm.specification.vendor" value="Oracle Corporation"/>
    <property name="os.name" value="Linux"/>
    <property name="classworlds.conf" value="/home/m618/workspace/.metadata/.plugins/org.eclipse.m2e.core/launches/m2conf4469945316050774834.tmp"/>
    <property name="sun.jnu.encoding" value="UTF-8"/>
    <property name="java.library.path" value="/home/m618/Program/linux_i386/java/jdk1.7.0_03/jre/lib/i386/server:/home/m618/Program/linux_i386/java/jdk1.7.0_03/jre/lib/i386:/home/m618/Program/linux_i386/java/jdk1.7.0_03/jre/../lib/i386:/home/m618/Program/linux_i386/java/jdk1.7.0_03/jre/lib/i386/client:/home/m618/Program/linux_i386/java/jdk1.7.0_03/jre/lib/i386::/usr/java/packages/lib/i386:/lib:/usr/lib"/>
    <property name="java.specification.name" value="Java Platform API Specification"/>
    <property name="java.class.version" value="51.0"/>
    <property name="sun.management.compiler" value="HotSpot Tiered Compilers"/>
    <property name="os.version" value="3.2.0-34-generic-pae"/>
    <property name="user.home" value="/home/m618"/>
    <property name="user.timezone" value="Asia/Shanghai"/>
    <property name="java.awt.printerjob" value="sun.print.PSPrinterJob"/>
    <property name="file.encoding" value="UTF-8"/>
    <property name="java.specification.version" value="1.7"/>
    <property name="user.name" value="m618"/>
    <property name="java.class.path" value="/usr/share/maven2/boot/classworlds.jar"/>
    <property name="java.vm.specification.version" value="1.7"/>
    <property name="sun.arch.data.model" value="32"/>
    <property name="java.home" value="/home/m618/Program/linux_i386/java/jdk1.7.0_03/jre"/>
    <property name="sun.java.command" value="org.codehaus.classworlds.Launcher -B -s /home/m618/.m2/settings.xml install"/>
    <property name="java.specification.vendor" value="Oracle Corporation"/>
    <property name="user.language" value="zh"/>
    <property name="awt.toolkit" value="sun.awt.X11.XToolkit"/>
    <property name="java.vm.info" value="mixed mode"/>
    <property name="java.version" value="1.7.0_03"/>
    <property name="java.ext.dirs" value="/home/m618/Program/linux_i386/java/jdk1.7.0_03/jre/lib/ext:/usr/java/packages/lib/ext"/>
    <property name="securerandom.source" value="file:/dev/./urandom"/>
    <property name="sun.boot.class.path" value="/home/m618/Program/linux_i386/java/jdk1.7.0_03/jre/lib/resources.jar:/home/m618/Program/linux_i386/java/jdk1.7.0_03/jre/lib/rt.jar:/home/m618/Program/linux_i386/java/jdk1.7.0_03/jre/lib/sunrsasign.jar:/home/m618/Program/linux_i386/java/jdk1.7.0_03/jre/lib/jsse.jar:/home/m618/Program/linux_i386/java/jdk1.7.0_03/jre/lib/jce.jar:/home/m618/Program/linux_i386/java/jdk1.7.0_03/jre/lib/charsets.jar:/home/m618/Program/linux_i386/java/jdk1.7.0_03/jre/classes"/>
    <property name="java.vendor" value="Oracle Corporation"/>
    <property name="maven.home" value="/usr/share/maven2"/>
    <property name="file.separator" value="/"/>
    <property name="java.vendor.url.bug" value="http://bugreport.sun.com/bugreport/"/>
    <property name="sun.cpu.endian" value="little"/>
    <property name="sun.io.unicode.encoding" value="UnicodeLittle"/>
    <property name="sun.desktop" value="gnome"/>
    <property name="sun.cpu.isalist" value=""/>
  </properties>
  <testcase time="0.004" classname="cn.zlg.performence.ProxyBuilderTest" name="testBuild"/>
</testsuite>